<?xml version="1.0" encoding="utf-8"?><testsuites name="pytest tests"><testsuite name="pytest" errors="0" failures="5" skipped="0" tests="222" time="21.752" timestamp="2026-05-17T14:20:48.600922+05:30" hostname="Kamesh_S"><testcase classname="tests.test_advanced_transformation_issues.TestAdvancedTransformationPromptIssues" name="test_issue_1_explicit_reference_image_instruction" time="0.001" /><testcase classname="tests.test_advanced_transformation_issues.TestAdvancedTransformationPromptIssues" name="test_issue_2_cultural_accuracy_control" time="0.002" /><testcase classname="tests.test_advanced_transformation_issues.TestAdvancedTransformationPromptIssues" name="test_issue_3_camera_angle_lens_control" time="0.001" /><testcase classname="tests.test_advanced_transformation_issues.TestAdvancedTransformationPromptIssues" name="test_issue_4_hands_composition_priority" time="0.001" /><testcase classname="tests.test_advanced_transformation_issues.TestAdvancedTransformationPromptIssues" name="test_issue_5_face_sharpness_priority_lock" time="0.001" /><testcase classname="tests.test_advanced_transformation_issues.TestAdvancedTransformationPromptIssues" name="test_issue_6_lighting_skin_preservation" time="0.002" /><testcase classname="tests.test_advanced_transformation_issues.TestAdvancedTransformationPromptIssues" name="test_issue_7_background_control_strength" time="0.001" /><testcase classname="tests.test_advanced_transformation_issues.TestAdvancedTransformationPromptIssues" name="test_issue_8_expression_control_clarity" time="0.001" /><testcase classname="tests.test_advanced_transformation_issues.TestAdvancedTransformationPromptIssues" name="test_issue_9_identity_lock_redundancy" time="0.001" /><testcase classname="tests.test_advanced_transformation_issues.TestAdvancedTransformationPromptIssues" name="test_issue_10_constraint_grouping" time="0.002" /><testcase classname="tests.test_advanced_transformation_issues.TestFourLayerStructure" name="test_layer_1_identity_lock" time="0.002" /><testcase classname="tests.test_advanced_transformation_issues.TestFourLayerStructure" name="test_layer_2_composition_control" time="0.003" /><testcase classname="tests.test_advanced_transformation_issues.TestFourLayerStructure" name="test_layer_3_scene_transformation" time="0.001" /><testcase classname="tests.test_advanced_transformation_issues.TestFourLayerStructure" name="test_layer_4_constraint_system" time="0.001" /><testcase classname="tests.test_advanced_transformation_issues.TestRedundancyAndGrouping" name="test_identity_lock_redundancy_coverage" time="0.001" /><testcase classname="tests.test_advanced_transformation_issues.TestRedundancyAndGrouping" name="test_constraint_organization_prevents_overload" time="0.001" /><testcase classname="tests.test_advanced_transformation_issues.TestCameraAndCompositionAdvance" name="test_camera_angle_specification" time="0.005" /><testcase classname="tests.test_advanced_transformation_issues.TestCameraAndCompositionAdvance" name="test_depth_of_field_control" time="0.001" /><testcase classname="tests.test_advanced_transformation_issues.TestCameraAndCompositionAdvance" name="test_lens_type_specification" time="0.002" /><testcase classname="tests.test_advanced_transformation_issues.TestCameraAndCompositionAdvance" name="test_hands_composition_specificity" time="0.002" /><testcase classname="tests.test_advanced_transformation_issues.TestCulturalAccuracyGuidance" name="test_cultural_accuracy_framework" time="0.001" /><testcase classname="tests.test_advanced_transformation_issues.TestCulturalAccuracyGuidance" name="test_avoids_over_decoration" time="0.001" /><testcase classname="tests.test_advanced_transformation_issues.TestFaceSharpnessLock" name="test_explicit_sharpness_requirement" time="0.001" /><testcase classname="tests.test_advanced_transformation_issues.TestFaceSharpnessLock" name="test_prevents_focus_shift" time="0.001" /><testcase classname="tests.test_advanced_transformation_issues.TestLightingRealism" name="test_lighting_preserves_detail" time="0.001" /><testcase classname="tests.test_advanced_transformation_issues.TestLightingRealism" name="test_prevents_over_softening" time="0.001" /><testcase classname="tests.test_advanced_transformation_issues.TestBackgroundControl" name="test_background_explicitly_minimal" time="0.001" /><testcase classname="tests.test_advanced_transformation_issues.TestBackgroundControl" name="test_no_distraction_guarantee" time="0.001" /><testcase classname="tests.test_advanced_transformation_issues.TestBackgroundControl" name="test_background_role_clarity" time="0.002" /><testcase classname="tests.test_clarification_integration" name="test_orchestrator_returns_clarify_on_vague_input" time="0.646" /><testcase classname="tests.test_clarification_unit" name="test_is_ambiguous_and_question" time="0.005" /><testcase classname="tests.test_clarification_unit" name="test_not_ambiguous" time="0.003" /><testcase classname="tests.test_custom_prompt_parsing.TestJSONParsingEdgeCases" name="test_parse_clean_json" time="0.001" /><testcase classname="tests.test_custom_prompt_parsing.TestJSONParsingEdgeCases" name="test_parse_json_with_markdown_code_block" time="0.001" /><testcase classname="tests.test_custom_prompt_parsing.TestJSONParsingEdgeCases" name="test_parse_incomplete_json_with_missing_braces" time="0.002" /><testcase classname="tests.test_custom_prompt_parsing.TestJSONParsingEdgeCases" name="test_parse_json_with_extra_text_before_after" time="0.002" /><testcase classname="tests.test_custom_prompt_parsing.TestJSONParsingEdgeCases" name="test_parse_json_with_special_characters_in_content" time="0.001" /><testcase classname="tests.test_custom_prompt_parsing.TestJSONParsingEdgeCases" name="test_parse_json_array_as_prompts" time="0.002" /><testcase classname="tests.test_custom_prompt_parsing.TestJSONParsingEdgeCases" name="test_parse_completely_invalid_response" time="0.006" /><testcase classname="tests.test_custom_prompt_parsing.TestJSONParsingEdgeCases" name="test_parse_empty_response" time="0.001" /><testcase classname="tests.test_custom_prompt_parsing.TestJSONParsingEdgeCases" name="test_parse_json_with_escaped_quotes" time="0.002" /><testcase classname="tests.test_custom_prompt_parsing.TestJSONParsingEdgeCases" name="test_parse_long_custom_prompt_content" time="0.003" /><testcase classname="tests.test_custom_prompt_parsing.TestJSONParsingEdgeCases" name="test_parse_generic_code_block_with_json" time="0.003" /><testcase classname="tests.test_custom_prompt_parsing.TestContentGeneratorErrorHandling" name="test_generate_with_custom_prompt_special_chars" time="0.006" /><testcase classname="tests.test_design_prompt_enhancement.TestDesignPromptEnhancer" name="test_design_brief_generation_dream_knot" time="3.587" /><testcase classname="tests.test_design_prompt_enhancement.TestDesignPromptEnhancer" name="test_design_brief_color_palette" time="2.595" /><testcase classname="tests.test_design_prompt_enhancement.TestDesignPromptEnhancer" name="test_design_brief_all_sections" time="2.700" /><testcase classname="tests.test_design_prompt_enhancement.TestDesignPromptEnhancer" name="test_design_brief_three_variations" time="2.090"><failure message="AssertionError: assert 'error' == 'success'&#10;  &#10;  #x1B[0m#x1B[91m- success#x1B[39;49;00m#x1B[90m#x1B[39;49;00m&#10;  #x1B[92m+ error#x1B[39;49;00m#x1B[90m#x1B[39;49;00m">self = &lt;tests.test_design_prompt_enhancement.TestDesignPromptEnhancer object at 0x00000231ABC53BB0&gt;
design_enhancer = &lt;src.agents.design_enhancer.DesignPromptEnhancerAgent object at 0x00000231AD68B6F0&gt;

    @pytest.mark.asyncio
    async def test_design_brief_three_variations(self, design_enhancer):
        """Test that generator produces 3 distinct variations"""
        user_input = "Coffee shop brand identity and logo design"
    
        result = await design_enhancer.execute({
            "action": "enhance",
            "category": "design_posters",
            "user_input": user_input,
            "chat_id": 12345,
        })
    
&gt;       assert result.get("status") == "success"
E       AssertionError: assert 'error' == 'success'
E         
E         #x1B[0m#x1B[91m- success#x1B[39;49;00m#x1B[90m#x1B[39;49;00m
E         #x1B[92m+ error#x1B[39;49;00m#x1B[90m#x1B[39;49;00m

tests\test_design_prompt_enhancement.py:138: AssertionError</failure></testcase><testcase classname="tests.test_design_prompt_enhancement.TestDesignPromptEnhancer" name="test_design_brief_missing_input" time="0.752" /><testcase classname="tests.test_design_prompt_enhancement.TestDesignPromptEnhancer" name="test_design_brief_with_niche_context" time="2.555"><failure message="TypeError: can only concatenate str (not &quot;dict&quot;) to str">self = &lt;tests.test_design_prompt_enhancement.TestDesignPromptEnhancer object at 0x00000231ABBBB790&gt;
design_enhancer = &lt;src.agents.design_enhancer.DesignPromptEnhancerAgent object at 0x00000231AD763570&gt;

    @pytest.mark.asyncio
    async def test_design_brief_with_niche_context(self, design_enhancer):
        """Test that niche context is incorporated"""
        user_input = "Grand opening celebration poster"
    
        result = await design_enhancer.execute({
            "action": "enhance",
            "category": "design_posters",
            "user_input": user_input,
            "niche": "luxury fashion boutique",
            "brand_context": {"region": "UAE"},
            "chat_id": 12345,
        })
    
        assert result.get("status") == "success"
        briefs = result["brief"].get("briefs", [])
    
        # At least one brief should mention luxury/boutique context
        full_content = " ".join([
&gt;           b.get("core_message", "") + " " +
            b.get("visual_style", "") + " " +
            b.get("requirements", "")
            for b in briefs
        ]).lower()
E       TypeError: can only concatenate str (not "dict") to str

tests\test_design_prompt_enhancement.py:180: TypeError</failure></testcase><testcase classname="tests.test_design_prompt_enhancement.TestDesignBriefFormat" name="test_color_palette_format" time="0.001" /><testcase classname="tests.test_design_prompt_enhancement.TestDesignBriefFormat" name="test_typography_format" time="0.002" /><testcase classname="tests.test_design_prompt_enhancement.TestDesignBriefFormat" name="test_deliverables_format" time="0.001" /><testcase classname="tests.test_gift_design_agent.TestGiftDesignAgentBasics" name="test_agent_initialization" time="0.004" /><testcase classname="tests.test_gift_design_agent.TestGiftDesignAgentBasics" name="test_products_available" time="0.003" /><testcase classname="tests.test_gift_design_agent.TestGiftProductMetadata" name="test_get_gift_product_meta" time="0.001" /><testcase classname="tests.test_gift_design_agent.TestGiftProductMetadata" name="test_unknown_product_returns_default" time="0.001" /><testcase classname="tests.test_gift_design_agent.TestDesignTones" name="test_all_tones_have_descriptions" time="0.001" /><testcase classname="tests.test_gift_design_agent.TestDesignTones" name="test_tone_variations" time="0.002" /><testcase classname="tests.test_gift_design_agent" name="test_list_products_action" time="0.003" /><testcase classname="tests.test_gift_design_agent" name="test_list_tones_action" time="0.004" /><testcase classname="tests.test_gift_design_agent" name="test_get_product_specs_action" time="0.007" /><testcase classname="tests.test_gift_design_agent" name="test_missing_required_fields" time="0.005" /><testcase classname="tests.test_gift_design_agent" name="test_invalid_product_type" time="0.006" /><testcase classname="tests.test_gift_design_agent" name="test_short_concept_idea_rejected" time="0.004" /><testcase classname="tests.test_gift_design_agent" name="test_execute_with_unknown_action" time="0.006" /><testcase classname="tests.test_gift_design_agent.TestProductSpecifications" name="test_tshirt_specs" time="0.001" /><testcase classname="tests.test_gift_design_agent.TestProductSpecifications" name="test_mug_specs" time="0.002" /><testcase classname="tests.test_gift_design_agent.TestProductSpecifications" name="test_poster_specs" time="0.001" /><testcase classname="tests.test_gift_design_agent.TestProductSpecifications" name="test_all_products_have_tools" time="0.002" /><testcase classname="tests.test_gift_design_agent.TestProfessionalRoles" name="test_roles_available" time="0.002" /><testcase classname="tests.test_gift_design_agent.TestProfessionalRoles" name="test_get_role_metadata" time="0.001" /><testcase classname="tests.test_gift_design_agent.TestProfessionalRoles" name="test_role_guidance" time="0.003" /><testcase classname="tests.test_gift_design_agent.TestProfessionalRoles" name="test_unknown_role_returns_default" time="0.002" /><testcase classname="tests.test_gift_design_agent" name="test_list_roles_action" time="0.004" /><testcase classname="tests.test_gift_design_agent" name="test_get_role_info_action" time="0.006" /><testcase classname="tests.test_gift_design_agent" name="test_invalid_role_info" time="0.004" /><testcase classname="tests.test_gift_design_agent" name="test_generate_with_role" time="0.006" /><testcase classname="tests.test_gift_design_agent.TestRoleExpertise" name="test_all_roles_have_expertise" time="0.002" /><testcase classname="tests.test_gift_design_agent.TestRoleExpertise" name="test_ui_ux_designer_expertise" time="0.001" /><testcase classname="tests.test_gift_design_agent.TestRoleExpertise" name="test_developer_expertise" time="0.002" /><testcase classname="tests.test_gift_design_agent.TestRoleExpertise" name="test_marketer_expertise" time="0.002" /><testcase classname="tests.test_integration_all_fixes.TestImportsAndStructure" name="test_professional_structure_imports" time="0.008" /><testcase classname="tests.test_integration_all_fixes.TestImportsAndStructure" name="test_professional_prompt_enhancer_imports" time="0.002" /><testcase classname="tests.test_integration_all_fixes.TestImportsAndStructure" name="test_main_module_imports" time="0.002" /><testcase classname="tests.test_integration_all_fixes.TestM1_ComponentOrder" name="test_component_order_consistency" time="0.002" /><testcase classname="tests.test_integration_all_fixes.TestM2_ComponentTyping" name="test_normalize_component_template" time="0.001" /><testcase classname="tests.test_integration_all_fixes.TestM3_SecretsKeywords" name="test_deduplicated_keywords" time="0.001" /><testcase classname="tests.test_integration_all_fixes.TestM4_Caching" name="test_enhancement_cache_initialized" time="0.702" /><testcase classname="tests.test_integration_all_fixes.TestM5_NAPattern" name="test_na_pattern_detection" time="0.001" /><testcase classname="tests.test_integration_all_fixes.TestM6_JSExports" name="test_js_export_structure" time="0.002" /><testcase classname="tests.test_integration_all_fixes.TestM7_ComponentGuidance" name="test_component_guidance_coverage" time="0.007" /><testcase classname="tests.test_integration_all_fixes.TestM8_TypeHints" name="test_type_hints_valid" time="0.002" /><testcase classname="tests.test_integration_all_fixes.TestL1_ErrorMessages" name="test_error_message_quality" time="0.001" /><testcase classname="tests.test_integration_all_fixes.TestL4_DocstringExamples" name="test_docstring_examples_exist" time="0.001" /><testcase classname="tests.test_integration_all_fixes.TestL5_MobileErrorHandling" name="test_mobile_error_handling_structure" time="0.001" /><testcase classname="tests.test_integration_all_fixes.TestL6_BatchStatistics" name="test_batch_stats_fields" time="0.574" /><testcase classname="tests.test_integration_all_fixes.TestL7_VersionPinning" name="test_python_dependencies_pinned" time="0.002" /><testcase classname="tests.test_integration_all_fixes.TestL7_VersionPinning" name="test_js_dependencies_controlled" time="0.002" /><testcase classname="tests.test_integration_all_fixes.TestCrossCategoryCompatibility" name="test_all_categories_accessible" time="0.002" /><testcase classname="tests.test_integration_all_fixes.TestErrorRecovery" name="test_invalid_category_handling" time="0.001" /><testcase classname="tests.test_integration_all_fixes.TestErrorRecovery" name="test_missing_component_handling" time="0.001" /><testcase classname="tests.test_integration_quick" name="test_design_brief_integration" time="0.005" /><testcase classname="tests.test_phase1_diagnostics.TestDimensionAnalyzer" name="test_analyzer_creation" time="0.001" /><testcase classname="tests.test_phase1_diagnostics.TestDimensionAnalyzer" name="test_add_evaluation" time="0.001" /><testcase classname="tests.test_phase1_diagnostics.TestDimensionAnalyzer" name="test_analyze_dimension_empty" time="0.001" /><testcase classname="tests.test_phase1_diagnostics.TestDimensionAnalyzer" name="test_analyze_dimension_with_data" time="0.001" /><testcase classname="tests.test_phase1_diagnostics.TestDimensionAnalyzer" name="test_analyze_all_dimensions" time="0.001" /><testcase classname="tests.test_phase1_diagnostics.TestPromptQualityAuditor" name="test_auditor_creation" time="0.002" /><testcase classname="tests.test_phase1_diagnostics.TestPromptQualityAuditor" name="test_audit_short_prompt" time="0.004" /><testcase classname="tests.test_phase1_diagnostics.TestPromptQualityAuditor" name="test_audit_long_prompt" time="0.005"><failure message="assert False&#10; +  where False = any(&lt;generator object TestPromptQualityAuditor.test_audit_long_prompt.&lt;locals&gt;.&lt;genexpr&gt; at 0x00000231AD8220A0&gt;)">self = &lt;tests.test_phase1_diagnostics.TestPromptQualityAuditor object at 0x00000231ABDFB950&gt;

    def test_audit_long_prompt(self):
        """Test auditing overly long prompt"""
        auditor = PromptQualityAuditor()
        prompt = " ".join(["Generate a beautiful design for a t-shirt that looks amazing"] * 20)
    
        metrics = auditor.audit_prompt(prompt, "long_prompt")
    
        assert metrics.overall_quality &gt; 0
        assert metrics.word_count &gt; 100
        # Should flag as too long
&gt;       assert any("too long" in issue.lower() for issue in metrics.issues)
E       assert False
E        +  where False = any(&lt;generator object TestPromptQualityAuditor.test_audit_long_prompt.&lt;locals&gt;.&lt;genexpr&gt; at 0x00000231AD8220A0&gt;)

tests\test_phase1_diagnostics.py:119: AssertionError</failure></testcase><testcase classname="tests.test_phase1_diagnostics.TestPromptQualityAuditor" name="test_audit_well_structured_prompt" time="0.001" /><testcase classname="tests.test_phase1_diagnostics.TestPromptQualityAuditor" name="test_audit_vague_prompt" time="0.001" /><testcase classname="tests.test_phase1_diagnostics.TestPromptQualityAuditor" name="test_token_estimation" time="0.001" /><testcase classname="tests.test_phase1_diagnostics.TestParameterOptimizer" name="test_optimizer_creation" time="0.001" /><testcase classname="tests.test_phase1_diagnostics.TestParameterOptimizer" name="test_add_parameter_sample" time="0.001" /><testcase classname="tests.test_phase1_diagnostics.TestParameterOptimizer" name="test_analyze_correlations" time="0.002" /><testcase classname="tests.test_phase1_diagnostics.TestParameterOptimizer" name="test_build_presets" time="0.001" /><testcase classname="tests.test_phase1_diagnostics.TestParameterOptimizer" name="test_get_recommended_parameters" time="0.001" /><testcase classname="tests.test_phase1_diagnostics.TestPhase1Integration" name="test_full_analysis_workflow" time="0.002" /><testcase classname="tests.test_phase1_diagnostics.TestPhase1Integration" name="test_prompt_audit_all_system_prompts" time="0.003"><failure message="AssertionError: assert 5.725 &gt; 6&#10; +  where 5.725 = PromptQualityMetrics(clarity_score=7.5, structure_score=6.199999999999999, conciseness_score=4.0, specificity_score=5....xplicit constraint section'], recommendations=['Add concrete examples to clarify expectations'], overall_quality=5.725).overall_quality">self = &lt;tests.test_phase1_diagnostics.TestPhase1Integration object at 0x00000231ABEB0550&gt;

    def test_prompt_audit_all_system_prompts(self):
        """Test auditing multiple system prompts"""
        auditor = PromptQualityAuditor()
    
        prompts = {
            "gift_design_prompt": "You are a gift design expert. " * 50,  # Long
            "content_generator_prompt": "Generate viral image prompts.",  # Short
            "balanced_prompt": "You are an AI assistant.\n\n1. Analyze input\n2. Generate output\n\nFormat: JSON",
        }
    
        audits = auditor.audit_all_system_prompts(prompts)
    
        assert len(audits) == 3
        assert audits["gift_design_prompt"].conciseness_score &lt; 7  # Too long
        assert audits["content_generator_prompt"].clarity_score &lt; 7  # Too short
&gt;       assert audits["balanced_prompt"].overall_quality &gt; 6  # Balanced
        ^^^^^^^^^^^^^^^^^^^^^^^^^^^^^^^^^^^^^^^^^^^^^^^^^^^^
E       AssertionError: assert 5.725 &gt; 6
E        +  where 5.725 = PromptQualityMetrics(clarity_score=7.5, structure_score=6.199999999999999, conciseness_score=4.0, specificity_score=5....xplicit constraint section'], recommendations=['Add concrete examples to clarify expectations'], overall_quality=5.725).overall_quality

tests\test_phase1_diagnostics.py:313: AssertionError</failure></testcase><testcase classname="tests.test_phase1_diagnostics.TestPhase1Integration" name="test_export_functionality" time="0.022" /><testcase classname="tests.test_phase2a.TestParameterRecommendationEngine" name="test_engine_initialization" time="0.001" /><testcase classname="tests.test_phase2a.TestParameterRecommendationEngine" name="test_default_parameters" time="0.001" /><testcase classname="tests.test_phase2a.TestParameterRecommendationEngine" name="test_mug_high_quality" time="0.002" /><testcase classname="tests.test_phase2a.TestParameterRecommendationEngine" name="test_quick_preview" time="0.001" /><testcase classname="tests.test_phase2a.TestParameterRecommendationEngine" name="test_high_alignment_importance" time="0.001" /><testcase classname="tests.test_phase2a.TestParameterRecommendationEngine" name="test_low_alignment_importance" time="0.001" /><testcase classname="tests.test_phase2a.TestParameterRecommendationEngine" name="test_vague_input" time="0.002" /><testcase classname="tests.test_phase2a.TestParameterRecommendationEngine" name="test_merchandise_type" time="0.003" /><testcase classname="tests.test_phase2a.TestParameterRecommendationEngine" name="test_iteration_complex_design" time="0.002" /><testcase classname="tests.test_phase2a.TestParameterRecommendationEngine" name="test_feedback_adjustment_too_slow" time="0.002" /><testcase classname="tests.test_phase2a.TestParameterRecommendationEngine" name="test_feedback_adjustment_needs_alignment" time="0.001" /><testcase classname="tests.test_phase2a.TestParameterRecommendationEngine" name="test_list_presets" time="0.001" /><testcase classname="tests.test_phase2a.TestParameterRecommendationEngine" name="test_factory_singleton" time="0.001" /><testcase classname="tests.test_phase2a.TestImageAlignmentValidator" name="test_validator_initialization" time="0.001" /><testcase classname="tests.test_phase2a.TestImageAlignmentValidator" name="test_perfect_alignment" time="0.001" /><testcase classname="tests.test_phase2a.TestImageAlignmentValidator" name="test_partial_alignment" time="0.001" /><testcase classname="tests.test_phase2a.TestImageAlignmentValidator" name="test_poor_alignment" time="0.001" /><testcase classname="tests.test_phase2a.TestImageAlignmentValidator" name="test_denoising_alignment_correlation" time="0.001" /><testcase classname="tests.test_phase2a.TestImageAlignmentValidator" name="test_product_type_denoising_targets" time="0.003" /><testcase classname="tests.test_phase2a.TestImageAlignmentValidator" name="test_high_denoising_triggers_adjustment" time="0.002" /><testcase classname="tests.test_phase2a.TestImageAlignmentValidator" name="test_batch_validation" time="0.003" /><testcase classname="tests.test_phase2a.TestImageAlignmentValidator" name="test_statistics" time="0.001" /><testcase classname="tests.test_phase2a.TestImageAlignmentValidator" name="test_factory_singleton" time="0.002" /><testcase classname="tests.test_phase2a.TestPhase2AIntegration" name="test_parameter_engine_with_alignment_validator" time="0.001" /><testcase classname="tests.test_phase2a.TestPhase2AIntegration" name="test_end_to_end_workflow" time="0.001" /><testcase classname="tests.test_phase2c.TestInputValidator" name="test_validator_initialization" time="0.004" /><testcase classname="tests.test_phase2c.TestInputValidator" name="test_valid_design_input" time="0.002" /><testcase classname="tests.test_phase2c.TestInputValidator" name="test_missing_required_field" time="0.005" /><testcase classname="tests.test_phase2c.TestInputValidator" name="test_invalid_product_type" time="0.006" /><testcase classname="tests.test_phase2c.TestInputValidator" name="test_prompt_too_long" time="0.004" /><testcase classname="tests.test_phase2c.TestInputValidator" name="test_prompt_too_short" time="0.004" /><testcase classname="tests.test_phase2c.TestInputValidator" name="test_invalid_quality_preference" time="0.003" /><testcase classname="tests.test_phase2c.TestInputValidator" name="test_valid_quality_preference" time="0.003" /><testcase classname="tests.test_phase2c.TestInputValidator" name="test_default_values_added" time="0.006" /><testcase classname="tests.test_phase2c.TestInputValidator" name="test_singleton_pattern" time="0.005" /><testcase classname="tests.test_phase2c.TestConflictResolver" name="test_resolver_initialization" time="0.003" /><testcase classname="tests.test_phase2c.TestConflictResolver" name="test_no_conflicts" time="0.004" /><testcase classname="tests.test_phase2c.TestConflictResolver" name="test_detect_quality_budget_conflict" time="0.005" /><testcase classname="tests.test_phase2c.TestConflictResolver" name="test_detect_deadline_quality_conflict" time="0.003" /><testcase classname="tests.test_phase2c.TestConflictResolver" name="test_detect_variations_deadline_conflict" time="0.007" /><testcase classname="tests.test_phase2c.TestConflictResolver" name="test_conflict_resolution_priority" time="0.005" /><testcase classname="tests.test_phase2c.TestConflictResolver" name="test_detect_product_design_mismatch" time="0.004" /><testcase classname="tests.test_phase2c.TestConflictResolver" name="test_singleton_pattern" time="0.003" /><testcase classname="tests.test_phase2c.TestEdgeCaseHandler" name="test_handler_initialization" time="0.004" /><testcase classname="tests.test_phase2c.TestEdgeCaseHandler" name="test_empty_input_detection" time="0.003" /><testcase classname="tests.test_phase2c.TestEdgeCaseHandler" name="test_extremely_long_prompt" time="0.006" /><testcase classname="tests.test_phase2c.TestEdgeCaseHandler" name="test_vague_request_detection" time="0.005" /><testcase classname="tests.test_phase2c.TestEdgeCaseHandler" name="test_unicode_content_detection" time="0.004" /><testcase classname="tests.test_phase2c.TestEdgeCaseHandler" name="test_special_characters_detection" time="0.002" /><testcase classname="tests.test_phase2c.TestEdgeCaseHandler" name="test_numeric_boundary_detection" time="0.003" /><testcase classname="tests.test_phase2c.TestEdgeCaseHandler" name="test_contradictory_request_detection" time="0.003" /><testcase classname="tests.test_phase2c.TestEdgeCaseHandler" name="test_correction_application" time="0.004" /><testcase classname="tests.test_phase2c.TestEdgeCaseHandler" name="test_singleton_pattern" time="0.005" /><testcase classname="tests.test_phase2c.TestErrorRecoverySystem" name="test_system_initialization" time="0.003" /><testcase classname="tests.test_phase2c.TestErrorRecoverySystem" name="test_handle_api_error" time="0.005" /><testcase classname="tests.test_phase2c.TestErrorRecoverySystem" name="test_handle_parameter_error" time="0.004" /><testcase classname="tests.test_phase2c.TestErrorRecoverySystem" name="test_handle_timeout_error" time="0.004" /><testcase classname="tests.test_phase2c.TestErrorRecoverySystem" name="test_fallback_values_available" time="0.004" /><testcase classname="tests.test_phase2c.TestErrorRecoverySystem" name="test_selective_fallback" time="0.008" /><testcase classname="tests.test_phase2c.TestErrorRecoverySystem" name="test_singleton_pattern" time="0.004" /><testcase classname="tests.test_phase2c.TestPhase2CIntegration" name="test_full_input_pipeline" time="0.004" /><testcase classname="tests.test_phase2c.TestPhase2CIntegration" name="test_error_recovery_integration" time="0.006" /><testcase classname="tests.test_phase2c.TestPhase2CPerformance" name="test_validation_performance" time="0.005" /><testcase classname="tests.test_phase2c.TestPhase2CPerformance" name="test_conflict_detection_performance" time="0.010" /><testcase classname="tests.test_prompt_evaluation.TestPromptEvaluator" name="test_evaluate_basic" time="0.010" /><testcase classname="tests.test_prompt_evaluation.TestPromptEvaluator" name="test_requirement_fulfillment_evaluation" time="0.005" /><testcase classname="tests.test_prompt_evaluation.TestPromptEvaluator" name="test_prompt_effectiveness_evaluation" time="0.006" /><testcase classname="tests.test_prompt_evaluation.TestPromptEvaluator" name="test_consistency_evaluation" time="0.004" /><testcase classname="tests.test_prompt_evaluation.TestPromptEvaluator" name="test_image_alignment_evaluation" time="0.003" /><testcase classname="tests.test_prompt_evaluation.TestPromptEvaluator" name="test_high_denoising_warning" time="0.004" /><testcase classname="tests.test_prompt_evaluation.TestPromptEvaluator" name="test_robustness_evaluation" time="0.004" /><testcase classname="tests.test_prompt_evaluation.TestPromptEvaluator" name="test_efficiency_evaluation" time="0.007" /><testcase classname="tests.test_prompt_evaluation.TestPromptEvaluator" name="test_export_evaluations" time="0.052" /><testcase classname="tests.test_prompt_evaluation.TestPromptEvaluator" name="test_format_report" time="0.007" /><testcase classname="tests.test_prompt_evaluation.TestPromptEvaluator" name="test_evaluation_log" time="0.004" /><testcase classname="tests.test_prompt_evaluation.TestPromptRefiner" name="test_refine_prompt_adds_structure" time="0.003" /><testcase classname="tests.test_prompt_evaluation.TestPromptRefiner" name="test_refine_prompt_adds_examples" time="0.008" /><testcase classname="tests.test_prompt_evaluation.TestPromptRefiner" name="test_refine_prompt_clarifies_ambiguity" time="0.004" /><testcase classname="tests.test_prompt_evaluation.TestPromptRefiner" name="test_refine_prompt_multiple_iterations" time="0.008" /><testcase classname="tests.test_prompt_evaluation.TestPromptRefiner" name="test_refinement_step_record" time="0.004" /><testcase classname="tests.test_prompt_evaluation.TestPromptRefiner" name="test_export_refinement_history" time="0.007"><failure message="AssertionError: assert 'REFINEMENT HISTORY' in ''">self = &lt;tests.test_prompt_evaluation.TestPromptRefiner object at 0x00000231ABEAECF0&gt;
refiner = &lt;src.services.prompt_refinement.PromptRefiner object at 0x00000231AD931BF0&gt;
tmp_path = WindowsPath('C:/Users/Kamesh S/AppData/Local/Temp/pytest-of-Kamesh S/pytest-8/test_export_refinement_history0')

    @pytest.mark.asyncio
    async def test_export_refinement_history(self, refiner, tmp_path):
        """Test exporting refinement history"""
        prompt = "Create design"
        feedback = {
            "overall_rating": 5.0,
            "improvements": ["Add steps"],
            "weaknesses": [],
            "suggestions": [],
        }
    
        await refiner.refine_prompt(prompt, feedback)
    
        export_file = tmp_path / "refinements.txt"
        refiner.export_refinement_history(str(export_file))
    
        assert export_file.exists()
        content = export_file.read_text()
&gt;       assert "REFINEMENT HISTORY" in content
E       AssertionError: assert 'REFINEMENT HISTORY' in ''

tests\test_prompt_evaluation.py:331: AssertionError</failure></testcase><testcase classname="tests.test_prompt_evaluation.TestPromptRefiner" name="test_refinement_summary" time="0.006" /><testcase classname="tests.test_prompt_evaluation.TestIntegratedEvaluationWorkflow" name="test_complete_evaluate_and_refine_workflow" time="0.005" /><testcase classname="tests.test_prompt_evaluation.TestIntegratedEvaluationWorkflow" name="test_evaluation_with_gift_design_context" time="0.004" /><testcase classname="tests.test_prompt_evaluation.TestIntegratedEvaluationWorkflow" name="test_evaluation_with_content_generator_context" time="0.002" /><testcase classname="tests.test_prompt_evaluation.TestPromptEvaluationMetrics" name="test_rating_calculation" time="0.003" /><testcase classname="tests.test_prompt_evaluation.TestPromptEvaluationMetrics" name="test_dimension_scores_independence" time="0.004" /><testcase classname="tests.test_prompt_evaluation.TestPromptEvaluationMetrics" name="test_constraints_impact_scoring" time="0.005" /><testcase classname="tests.test_transformation_prompts.TestTransformationPromptTemplate" name="test_transformation_category_detection" time="0.581" /><testcase classname="tests.test_transformation_prompts.TestTransformationPromptTemplate" name="test_prompt_structure_for_women_transform" time="0.832" /><testcase classname="tests.test_transformation_prompts.TestTransformationPromptTemplate" name="test_transformation_prompt_includes_critical_sections" time="0.686" /><testcase classname="tests.test_transformation_prompts.TestTransformationPromptTemplate" name="test_standard_category_uses_different_template" time="0.652" /><testcase classname="tests.test_transformation_prompts.TestPromptPriority" name="test_priority_order_in_transformation_logic" time="0.001" /><testcase classname="tests.test_transformation_prompts.TestNegativeConstraints" name="test_negative_constraints_coverage" time="0.002" /><testcase classname="tests.test_transformation_prompts.TestIdentityPreservationLanguage" name="test_avoid_manual_feature_description" time="0.003" /><testcase classname="tests.test_transformation_prompts.TestIdentityPreservationLanguage" name="test_reference_first_approach" time="0.003" /><testcase classname="tests.test_transformation_prompts.TestCompositionFraming" name="test_framing_specificity" time="0.002" /><testcase classname="tests.test_transformation_prompts.TestSkinAndRealism" name="test_skin_texture_guidance" time="0.002" /><testcase classname="tests.test_transformation_prompts.TestHandsAccuracy" name="test_hands_specification_for_relevant_tasks" time="0.001" /><testcase classname="tests.test_transformation_prompts.TestExpressionAnchoring" name="test_expression_consistency" time="0.003" /></testsuite></testsuites>